<?xml version="1.0" encoding="UTF-8"?>
<!-- Generated by org.testng.reporters.JUnitReportReporter -->
<testsuite hostname="LAPTOP-2KH202OE" failures="0" tests="4" name="testScript.LoginTest" time="150.112" errors="0" timestamp="2025-09-02T09:30:00 IST" skipped="0">
  <testcase classname="testScript.LoginTest" name="verifyLoginWithValidCredentials" time="35.704"/>
  <testcase classname="testScript.LoginTest" name="verifyLoginWithInvalidUsername" time="25.934"/>
  <testcase classname="testScript.LoginTest" name="verifyLoginWithInvalidPassword" time="47.044"/>
  <testcase classname="testScript.LoginTest" name="verifyLoginWithInvalidUsernamePassword" time="41.430"/>
</testsuite> <!-- testScript.LoginTest -->
