<?xml version="1.0" encoding="UTF-8"?>
<!-- Generated by org.testng.reporters.JUnitReportReporter -->
<testsuite hostname="LAPTOP-2KH202OE" failures="0" tests="4" name="testScript.LoginTest" time="32.208" errors="0" timestamp="2025-09-10T10:26:28 IST" skipped="0">
  <testcase classname="testScript.LoginTest" name="verifyLoginWithValidCredentials" time="8.437"/>
  <testcase classname="testScript.LoginTest" name="verifyLoginWithInvalidUsername" time="8.454"/>
  <testcase classname="testScript.LoginTest" name="verifyLoginWithInvalidPassword" time="7.755"/>
  <testcase classname="testScript.LoginTest" name="verifyLoginWithInvalidUsernamePassword" time="7.562"/>
</testsuite> <!-- testScript.LoginTest -->
