<?xml version="1.0" encoding="UTF-8"?>
<!-- Generated by org.testng.reporters.JUnitReportReporter -->
<testsuite hostname="LAPTOP-2KH202OE" failures="0" tests="6" name="testScript.LoginTest" time="57.546" errors="0" timestamp="2025-09-15T10:19:20 IST" skipped="0">
  <testcase classname="testScript.LoginTest" name="verifyLoginWithInvalidUsernamePassword" time="8.875"/>
  <testcase classname="testScript.LoginTest" name="verifyLoginWithInvalidUsernamePassword" time="9.004"/>
  <testcase classname="testScript.LoginTest" name="verifyLoginWithInvalidUsernamePassword" time="9.367"/>
  <testcase classname="testScript.LoginTest" name="verifyLoginWithInvalidUsernamePassword" time="12.565"/>
  <testcase classname="testScript.LoginTest" name="verifyLoginWithInvalidUsernamePassword" time="9.265"/>
  <testcase classname="testScript.LoginTest" name="verifyLoginWithInvalidUsernamePassword" time="8.470"/>
</testsuite> <!-- testScript.LoginTest -->
